[20540] __main__ - 2022-06-04 14:39:13,333 - INFO - ...... Initialization Completed  ......
[20540] __main__ - 2022-06-04 14:39:13,337 - INFO - [1;32m

 #####  #######    #    ######  ####### ### #     #  #####     
 #     #    #      # #   #     #    #     #  ##    # #     #    
 #          #     #   #  #     #    #     #  # #   # #          
  #####     #    #     # ######     #     #  #  #  # #  ####    
       #    #    ####### #   #      #     #  #   # # #     #    
 #     #    #    #     # #    #     #     #  #    ## #     #    
  #####     #    #     # #     #    #    ### #     #  #####     
                                                                
 ######   #####  #          #                                   
 #     # #     # #    #    # #                                  
 #     # #       #    #   #   #                                 
 #     #  #####  #    #  #     #                                
 #     #       # ####### #######                                
 #     # #     #      #  #     #                                
 ######   #####       #  #     # 


Author.: TEAM 39
Company .: DS4A
Version .: 1.1

    
[20540] urllib3.connectionpool - 2022-06-04 14:41:02,326 - DEBUG - Starting new HTTPS connection (1): query2.finance.yahoo.com:443
[20540] urllib3.connectionpool - 2022-06-04 14:41:02,533 - DEBUG - https://query2.finance.yahoo.com:443 "GET /v8/finance/chart/BTC-USD?period1=1576558800&period2=1654405200&interval=1wk&includePrePost=False&events=div%2Csplits HTTP/1.1" 200 None
[20540] urllib3.connectionpool - 2022-06-04 14:41:10,266 - DEBUG - Starting new HTTPS connection (1): query2.finance.yahoo.com:443
[20540] urllib3.connectionpool - 2022-06-04 14:41:10,299 - DEBUG - https://query2.finance.yahoo.com:443 "GET /v8/finance/chart/BTC-USD?period1=1576558800&period2=1654405200&interval=1wk&includePrePost=False&events=div%2Csplits HTTP/1.1" 200 4971
[20540] urllib3.connectionpool - 2022-06-04 14:41:10,334 - DEBUG - Starting new HTTPS connection (1): query2.finance.yahoo.com:443
[20540] urllib3.connectionpool - 2022-06-04 14:41:10,489 - DEBUG - https://query2.finance.yahoo.com:443 "GET /v8/finance/chart/BTC-USD?period1=1576558800&period2=1654405200&interval=1wk&includePrePost=False&events=div%2Csplits HTTP/1.1" 200 None
[20540] urllib3.connectionpool - 2022-06-04 14:41:10,534 - DEBUG - Starting new HTTPS connection (1): query2.finance.yahoo.com:443
[20540] urllib3.connectionpool - 2022-06-04 14:41:10,796 - DEBUG - https://query2.finance.yahoo.com:443 "GET /v8/finance/chart/BTC-USD?period1=1576558800&period2=1654405200&interval=1wk&includePrePost=False&events=div%2Csplits HTTP/1.1" 200 4980
[20540] urllib3.connectionpool - 2022-06-04 14:41:10,843 - DEBUG - Starting new HTTPS connection (1): query2.finance.yahoo.com:443
[20540] urllib3.connectionpool - 2022-06-04 14:41:11,007 - DEBUG - https://query2.finance.yahoo.com:443 "GET /v8/finance/chart/BTC-USD?period1=1576558800&period2=1654405200&interval=1wk&includePrePost=False&events=div%2Csplits HTTP/1.1" 200 None
[20540] urllib3.connectionpool - 2022-06-04 14:41:11,251 - DEBUG - Starting new HTTPS connection (1): query2.finance.yahoo.com:443
[20540] urllib3.connectionpool - 2022-06-04 14:41:11,279 - DEBUG - https://query2.finance.yahoo.com:443 "GET /v8/finance/chart/BTC-USD?period1=1576558800&period2=1654405200&interval=1wk&includePrePost=False&events=div%2Csplits HTTP/1.1" 200 4972
[20540] urllib3.connectionpool - 2022-06-04 14:41:11,548 - DEBUG - Starting new HTTPS connection (1): query2.finance.yahoo.com:443
[20540] urllib3.connectionpool - 2022-06-04 14:41:11,823 - DEBUG - https://query2.finance.yahoo.com:443 "GET /v8/finance/chart/BTC-USD?period1=1576558800&period2=1654405200&interval=1wk&includePrePost=False&events=div%2Csplits HTTP/1.1" 200 4980
[20540] urllib3.connectionpool - 2022-06-04 14:41:11,849 - DEBUG - Starting new HTTPS connection (1): query2.finance.yahoo.com:443
[20540] urllib3.connectionpool - 2022-06-04 14:41:11,877 - DEBUG - https://query2.finance.yahoo.com:443 "GET /v8/finance/chart/BTC-USD?period1=1576558800&period2=1654405200&interval=1wk&includePrePost=False&events=div%2Csplits HTTP/1.1" 200 4980
[20540] urllib3.connectionpool - 2022-06-04 14:41:11,915 - DEBUG - Starting new HTTPS connection (1): query2.finance.yahoo.com:443
[20540] urllib3.connectionpool - 2022-06-04 14:41:11,944 - DEBUG - https://query2.finance.yahoo.com:443 "GET /v8/finance/chart/BTC-USD?period1=1576558800&period2=1654405200&interval=1wk&includePrePost=False&events=div%2Csplits HTTP/1.1" 200 4972
[20540] urllib3.connectionpool - 2022-06-04 14:41:11,984 - DEBUG - Starting new HTTPS connection (1): query2.finance.yahoo.com:443
[20540] urllib3.connectionpool - 2022-06-04 14:41:12,017 - DEBUG - https://query2.finance.yahoo.com:443 "GET /v8/finance/chart/BTC-USD?period1=1576558800&period2=1654405200&interval=1wk&includePrePost=False&events=div%2Csplits HTTP/1.1" 200 4980
[20540] urllib3.connectionpool - 2022-06-04 14:41:12,059 - DEBUG - Starting new HTTPS connection (1): query2.finance.yahoo.com:443
[20540] urllib3.connectionpool - 2022-06-04 14:41:12,319 - DEBUG - https://query2.finance.yahoo.com:443 "GET /v8/finance/chart/BTC-USD?period1=1576558800&period2=1654405200&interval=1wk&includePrePost=False&events=div%2Csplits HTTP/1.1" 200 4980
[20540] urllib3.connectionpool - 2022-06-04 14:41:12,345 - DEBUG - Starting new HTTPS connection (1): query2.finance.yahoo.com:443
[20540] urllib3.connectionpool - 2022-06-04 14:41:12,485 - DEBUG - https://query2.finance.yahoo.com:443 "GET /v8/finance/chart/BTC-USD?period1=1576558800&period2=1654405200&interval=1wk&includePrePost=False&events=div%2Csplits HTTP/1.1" 200 None
[20540] urllib3.connectionpool - 2022-06-04 14:41:12,510 - DEBUG - Starting new HTTPS connection (1): query2.finance.yahoo.com:443
[20540] urllib3.connectionpool - 2022-06-04 14:41:12,564 - DEBUG - https://query2.finance.yahoo.com:443 "GET /v8/finance/chart/BTC-USD?period1=1576558800&period2=1654405200&interval=1wk&includePrePost=False&events=div%2Csplits HTTP/1.1" 200 4984
[20540] urllib3.connectionpool - 2022-06-04 14:41:12,632 - DEBUG - Starting new HTTPS connection (1): query2.finance.yahoo.com:443
[20540] urllib3.connectionpool - 2022-06-04 14:41:12,661 - DEBUG - https://query2.finance.yahoo.com:443 "GET /v8/finance/chart/BTC-USD?period1=1576558800&period2=1654405200&interval=1wk&includePrePost=False&events=div%2Csplits HTTP/1.1" 200 4984
[20540] urllib3.connectionpool - 2022-06-04 14:41:12,714 - DEBUG - Starting new HTTPS connection (1): query2.finance.yahoo.com:443
[20540] urllib3.connectionpool - 2022-06-04 14:41:12,756 - DEBUG - https://query2.finance.yahoo.com:443 "GET /v8/finance/chart/BTC-USD?period1=1576558800&period2=1654405200&interval=1wk&includePrePost=False&events=div%2Csplits HTTP/1.1" 200 4984
[20540] urllib3.connectionpool - 2022-06-04 14:41:12,799 - DEBUG - Starting new HTTPS connection (1): query2.finance.yahoo.com:443
[20540] urllib3.connectionpool - 2022-06-04 14:41:13,515 - DEBUG - https://query2.finance.yahoo.com:443 "GET /v8/finance/chart/BTC-USD?period1=1576558800&period2=1654405200&interval=1wk&includePrePost=False&events=div%2Csplits HTTP/1.1" 200 4972
[20540] urllib3.connectionpool - 2022-06-04 14:41:13,895 - DEBUG - Starting new HTTPS connection (1): query2.finance.yahoo.com:443
[20540] urllib3.connectionpool - 2022-06-04 14:41:13,934 - DEBUG - https://query2.finance.yahoo.com:443 "GET /v8/finance/chart/BTC-USD?period1=1576558800&period2=1654405200&interval=1wk&includePrePost=False&events=div%2Csplits HTTP/1.1" 200 4972
[20540] urllib3.connectionpool - 2022-06-04 14:41:14,193 - DEBUG - Starting new HTTPS connection (1): query2.finance.yahoo.com:443
[20540] urllib3.connectionpool - 2022-06-04 14:41:14,222 - DEBUG - https://query2.finance.yahoo.com:443 "GET /v8/finance/chart/BTC-USD?period1=1576558800&period2=1654405200&interval=1wk&includePrePost=False&events=div%2Csplits HTTP/1.1" 200 4980
[20540] urllib3.connectionpool - 2022-06-04 14:41:14,273 - DEBUG - Starting new HTTPS connection (1): query2.finance.yahoo.com:443
[20540] urllib3.connectionpool - 2022-06-04 14:41:14,306 - DEBUG - https://query2.finance.yahoo.com:443 "GET /v8/finance/chart/BTC-USD?period1=1576558800&period2=1654405200&interval=1wk&includePrePost=False&events=div%2Csplits HTTP/1.1" 200 4972
[20540] urllib3.connectionpool - 2022-06-04 14:41:14,376 - DEBUG - Starting new HTTPS connection (1): query2.finance.yahoo.com:443
[20540] urllib3.connectionpool - 2022-06-04 14:41:14,657 - DEBUG - https://query2.finance.yahoo.com:443 "GET /v8/finance/chart/BTC-USD?period1=1576558800&period2=1654405200&interval=1wk&includePrePost=False&events=div%2Csplits HTTP/1.1" 200 4972
[20540] urllib3.connectionpool - 2022-06-04 14:41:14,914 - DEBUG - Starting new HTTPS connection (1): query2.finance.yahoo.com:443
[20540] urllib3.connectionpool - 2022-06-04 14:41:14,940 - DEBUG - https://query2.finance.yahoo.com:443 "GET /v8/finance/chart/BTC-USD?period1=1576558800&period2=1654405200&interval=1wk&includePrePost=False&events=div%2Csplits HTTP/1.1" 200 4984
[20540] urllib3.connectionpool - 2022-06-04 14:41:14,992 - DEBUG - Starting new HTTPS connection (1): query2.finance.yahoo.com:443
[20540] urllib3.connectionpool - 2022-06-04 14:41:15,052 - DEBUG - https://query2.finance.yahoo.com:443 "GET /v8/finance/chart/BTC-USD?period1=1576558800&period2=1654405200&interval=1wk&includePrePost=False&events=div%2Csplits HTTP/1.1" 200 4984
[20540] urllib3.connectionpool - 2022-06-04 14:41:15,091 - DEBUG - Starting new HTTPS connection (1): query2.finance.yahoo.com:443
[20540] urllib3.connectionpool - 2022-06-04 14:41:15,238 - DEBUG - https://query2.finance.yahoo.com:443 "GET /v8/finance/chart/BTC-USD?period1=1576558800&period2=1654405200&interval=1wk&includePrePost=False&events=div%2Csplits HTTP/1.1" 200 None
[20540] urllib3.connectionpool - 2022-06-04 14:41:15,531 - DEBUG - Starting new HTTPS connection (1): query2.finance.yahoo.com:443
[20540] urllib3.connectionpool - 2022-06-04 14:41:15,572 - DEBUG - https://query2.finance.yahoo.com:443 "GET /v8/finance/chart/BTC-USD?period1=1576558800&period2=1654405200&interval=1wk&includePrePost=False&events=div%2Csplits HTTP/1.1" 200 4972
[20540] urllib3.connectionpool - 2022-06-04 14:41:15,623 - DEBUG - Starting new HTTPS connection (1): query2.finance.yahoo.com:443
[20540] urllib3.connectionpool - 2022-06-04 14:41:15,659 - DEBUG - https://query2.finance.yahoo.com:443 "GET /v8/finance/chart/BTC-USD?period1=1576558800&period2=1654405200&interval=1wk&includePrePost=False&events=div%2Csplits HTTP/1.1" 200 4980
[20540] urllib3.connectionpool - 2022-06-04 14:41:15,702 - DEBUG - Starting new HTTPS connection (1): query2.finance.yahoo.com:443
[20540] urllib3.connectionpool - 2022-06-04 14:41:15,741 - DEBUG - https://query2.finance.yahoo.com:443 "GET /v8/finance/chart/BTC-USD?period1=1576558800&period2=1654405200&interval=1wk&includePrePost=False&events=div%2Csplits HTTP/1.1" 200 4972
[20540] urllib3.connectionpool - 2022-06-04 14:41:15,811 - DEBUG - Starting new HTTPS connection (1): query2.finance.yahoo.com:443
[20540] urllib3.connectionpool - 2022-06-04 14:41:15,848 - DEBUG - https://query2.finance.yahoo.com:443 "GET /v8/finance/chart/BTC-USD?period1=1576558800&period2=1654405200&interval=1wk&includePrePost=False&events=div%2Csplits HTTP/1.1" 200 4972
[20540] urllib3.connectionpool - 2022-06-04 14:41:15,918 - DEBUG - Starting new HTTPS connection (1): query2.finance.yahoo.com:443
[20540] urllib3.connectionpool - 2022-06-04 14:41:16,204 - DEBUG - https://query2.finance.yahoo.com:443 "GET /v8/finance/chart/BTC-USD?period1=1576558800&period2=1654405200&interval=1wk&includePrePost=False&events=div%2Csplits HTTP/1.1" 200 4972
[20540] urllib3.connectionpool - 2022-06-04 14:41:16,276 - DEBUG - Starting new HTTPS connection (1): query2.finance.yahoo.com:443
[20540] urllib3.connectionpool - 2022-06-04 14:41:16,313 - DEBUG - https://query2.finance.yahoo.com:443 "GET /v8/finance/chart/BTC-USD?period1=1576558800&period2=1654405200&interval=1wk&includePrePost=False&events=div%2Csplits HTTP/1.1" 200 4972
[20540] urllib3.connectionpool - 2022-06-04 14:41:16,382 - DEBUG - Starting new HTTPS connection (1): query2.finance.yahoo.com:443
[20540] urllib3.connectionpool - 2022-06-04 14:41:16,437 - DEBUG - https://query2.finance.yahoo.com:443 "GET /v8/finance/chart/BTC-USD?period1=1576558800&period2=1654405200&interval=1wk&includePrePost=False&events=div%2Csplits HTTP/1.1" 200 4984
[20540] urllib3.connectionpool - 2022-06-04 14:41:16,515 - DEBUG - Starting new HTTPS connection (1): query2.finance.yahoo.com:443
[20540] urllib3.connectionpool - 2022-06-04 14:41:55,833 - DEBUG - Starting new HTTPS connection (1): query2.finance.yahoo.com:443
[20540] urllib3.connectionpool - 2022-06-04 14:41:56,004 - DEBUG - https://query2.finance.yahoo.com:443 "GET /v8/finance/chart/BTC-USD?period1=1576558800&period2=1654405200&interval=1wk&includePrePost=False&events=div%2Csplits HTTP/1.1" 200 None
[20540] urllib3.connectionpool - 2022-06-04 14:41:56,056 - DEBUG - Starting new HTTPS connection (1): query2.finance.yahoo.com:443
[20540] urllib3.connectionpool - 2022-06-04 14:41:56,222 - DEBUG - https://query2.finance.yahoo.com:443 "GET /v8/finance/chart/BTC-USD?period1=1576558800&period2=1654405200&interval=1wk&includePrePost=False&events=div%2Csplits HTTP/1.1" 200 None
[20540] urllib3.connectionpool - 2022-06-04 14:41:56,273 - DEBUG - Starting new HTTPS connection (1): query2.finance.yahoo.com:443
[20540] urllib3.connectionpool - 2022-06-04 14:41:56,422 - DEBUG - https://query2.finance.yahoo.com:443 "GET /v8/finance/chart/BTC-USD?period1=1576558800&period2=1654405200&interval=1wk&includePrePost=False&events=div%2Csplits HTTP/1.1" 200 None
[20540] urllib3.connectionpool - 2022-06-04 14:41:56,680 - DEBUG - Starting new HTTPS connection (1): query2.finance.yahoo.com:443
[20540] urllib3.connectionpool - 2022-06-04 14:41:56,712 - DEBUG - https://query2.finance.yahoo.com:443 "GET /v8/finance/chart/BTC-USD?period1=1576558800&period2=1654405200&interval=1wk&includePrePost=False&events=div%2Csplits HTTP/1.1" 200 4975
[20540] urllib3.connectionpool - 2022-06-04 14:41:56,778 - DEBUG - Starting new HTTPS connection (1): query2.finance.yahoo.com:443
[20540] urllib3.connectionpool - 2022-06-04 14:41:56,817 - DEBUG - https://query2.finance.yahoo.com:443 "GET /v8/finance/chart/BTC-USD?period1=1576558800&period2=1654405200&interval=1wk&includePrePost=False&events=div%2Csplits HTTP/1.1" 200 4975
[20540] urllib3.connectionpool - 2022-06-04 14:41:56,866 - DEBUG - Starting new HTTPS connection (1): query2.finance.yahoo.com:443
[20540] urllib3.connectionpool - 2022-06-04 14:41:56,899 - DEBUG - https://query2.finance.yahoo.com:443 "GET /v8/finance/chart/BTC-USD?period1=1576558800&period2=1654405200&interval=1wk&includePrePost=False&events=div%2Csplits HTTP/1.1" 200 4975
[20540] urllib3.connectionpool - 2022-06-04 14:41:56,942 - DEBUG - Starting new HTTPS connection (1): query2.finance.yahoo.com:443
[20540] urllib3.connectionpool - 2022-06-04 14:41:56,993 - DEBUG - https://query2.finance.yahoo.com:443 "GET /v8/finance/chart/BTC-USD?period1=1576558800&period2=1654405200&interval=1wk&includePrePost=False&events=div%2Csplits HTTP/1.1" 200 4975
[20540] urllib3.connectionpool - 2022-06-04 14:41:57,055 - DEBUG - Starting new HTTPS connection (1): query2.finance.yahoo.com:443
[20540] urllib3.connectionpool - 2022-06-04 14:41:57,210 - DEBUG - https://query2.finance.yahoo.com:443 "GET /v8/finance/chart/BTC-USD?period1=1576558800&period2=1654405200&interval=1wk&includePrePost=False&events=div%2Csplits HTTP/1.1" 200 None
[20540] urllib3.connectionpool - 2022-06-04 14:41:57,250 - DEBUG - Starting new HTTPS connection (1): query2.finance.yahoo.com:443
[20540] urllib3.connectionpool - 2022-06-04 14:41:57,286 - DEBUG - https://query2.finance.yahoo.com:443 "GET /v8/finance/chart/BTC-USD?period1=1576558800&period2=1654405200&interval=1wk&includePrePost=False&events=div%2Csplits HTTP/1.1" 200 4975
[20540] urllib3.connectionpool - 2022-06-04 14:41:57,339 - DEBUG - Starting new HTTPS connection (1): query2.finance.yahoo.com:443
[20540] urllib3.connectionpool - 2022-06-04 14:41:57,382 - DEBUG - https://query2.finance.yahoo.com:443 "GET /v8/finance/chart/BTC-USD?period1=1576558800&period2=1654405200&interval=1wk&includePrePost=False&events=div%2Csplits HTTP/1.1" 200 4981
[20540] urllib3.connectionpool - 2022-06-04 14:41:57,426 - DEBUG - Starting new HTTPS connection (1): query2.finance.yahoo.com:443
[20540] urllib3.connectionpool - 2022-06-04 14:41:57,685 - DEBUG - https://query2.finance.yahoo.com:443 "GET /v8/finance/chart/BTC-USD?period1=1576558800&period2=1654405200&interval=1wk&includePrePost=False&events=div%2Csplits HTTP/1.1" 200 4975
[20540] urllib3.connectionpool - 2022-06-04 14:41:57,779 - DEBUG - Starting new HTTPS connection (1): query2.finance.yahoo.com:443
[20540] urllib3.connectionpool - 2022-06-04 14:41:57,809 - DEBUG - https://query2.finance.yahoo.com:443 "GET /v8/finance/chart/BTC-USD?period1=1576558800&period2=1654405200&interval=1wk&includePrePost=False&events=div%2Csplits HTTP/1.1" 200 4975
[20540] urllib3.connectionpool - 2022-06-04 14:41:57,848 - DEBUG - Starting new HTTPS connection (1): query2.finance.yahoo.com:443
[20540] urllib3.connectionpool - 2022-06-04 14:41:57,888 - DEBUG - https://query2.finance.yahoo.com:443 "GET /v8/finance/chart/BTC-USD?period1=1576558800&period2=1654405200&interval=1wk&includePrePost=False&events=div%2Csplits HTTP/1.1" 200 4981
[20540] urllib3.connectionpool - 2022-06-04 14:41:57,943 - DEBUG - Starting new HTTPS connection (1): query2.finance.yahoo.com:443
[20540] urllib3.connectionpool - 2022-06-04 14:41:58,261 - DEBUG - https://query2.finance.yahoo.com:443 "GET /v8/finance/chart/BTC-USD?period1=1576558800&period2=1654405200&interval=1wk&includePrePost=False&events=div%2Csplits HTTP/1.1" 200 4975
[20540] urllib3.connectionpool - 2022-06-04 14:41:58,297 - DEBUG - Starting new HTTPS connection (1): query2.finance.yahoo.com:443
[20540] urllib3.connectionpool - 2022-06-04 14:41:58,336 - DEBUG - https://query2.finance.yahoo.com:443 "GET /v8/finance/chart/BTC-USD?period1=1576558800&period2=1654405200&interval=1wk&includePrePost=False&events=div%2Csplits HTTP/1.1" 200 4981
[20540] urllib3.connectionpool - 2022-06-04 14:41:58,397 - DEBUG - Starting new HTTPS connection (1): query2.finance.yahoo.com:443
[20540] urllib3.connectionpool - 2022-06-04 14:42:00,050 - DEBUG - https://query2.finance.yahoo.com:443 "GET /v8/finance/chart/BTC-USD?period1=1576558800&period2=1654405200&interval=1wk&includePrePost=False&events=div%2Csplits HTTP/1.1" 200 4981
[20540] urllib3.connectionpool - 2022-06-04 14:42:00,112 - DEBUG - Starting new HTTPS connection (1): query2.finance.yahoo.com:443
[20540] urllib3.connectionpool - 2022-06-04 14:42:00,178 - DEBUG - https://query2.finance.yahoo.com:443 "GET /v8/finance/chart/BTC-USD?period1=1576558800&period2=1654405200&interval=1wk&includePrePost=False&events=div%2Csplits HTTP/1.1" 200 4975
[20540] urllib3.connectionpool - 2022-06-04 14:42:00,511 - DEBUG - Starting new HTTPS connection (1): query2.finance.yahoo.com:443
[20540] urllib3.connectionpool - 2022-06-04 14:42:00,571 - DEBUG - https://query2.finance.yahoo.com:443 "GET /v8/finance/chart/BTC-USD?period1=1576558800&period2=1654405200&interval=1wk&includePrePost=False&events=div%2Csplits HTTP/1.1" 200 4975
[20540] urllib3.connectionpool - 2022-06-04 14:42:00,642 - DEBUG - Starting new HTTPS connection (1): query2.finance.yahoo.com:443
[20540] urllib3.connectionpool - 2022-06-04 14:42:00,695 - DEBUG - https://query2.finance.yahoo.com:443 "GET /v8/finance/chart/BTC-USD?period1=1576558800&period2=1654405200&interval=1wk&includePrePost=False&events=div%2Csplits HTTP/1.1" 200 4975
[20540] urllib3.connectionpool - 2022-06-04 14:42:00,758 - DEBUG - Starting new HTTPS connection (1): query2.finance.yahoo.com:443
[20540] urllib3.connectionpool - 2022-06-04 14:42:00,796 - DEBUG - https://query2.finance.yahoo.com:443 "GET /v8/finance/chart/BTC-USD?period1=1576558800&period2=1654405200&interval=1wk&includePrePost=False&events=div%2Csplits HTTP/1.1" 200 4981
[20540] urllib3.connectionpool - 2022-06-04 14:42:00,849 - DEBUG - Starting new HTTPS connection (1): query2.finance.yahoo.com:443
[20540] urllib3.connectionpool - 2022-06-04 14:42:00,892 - DEBUG - https://query2.finance.yahoo.com:443 "GET /v8/finance/chart/BTC-USD?period1=1576558800&period2=1654405200&interval=1wk&includePrePost=False&events=div%2Csplits HTTP/1.1" 200 4981
[20540] urllib3.connectionpool - 2022-06-04 14:42:00,990 - DEBUG - Starting new HTTPS connection (1): query2.finance.yahoo.com:443
[20540] urllib3.connectionpool - 2022-06-04 14:42:01,044 - DEBUG - https://query2.finance.yahoo.com:443 "GET /v8/finance/chart/BTC-USD?period1=1576558800&period2=1654405200&interval=1wk&includePrePost=False&events=div%2Csplits HTTP/1.1" 200 4975
[20540] urllib3.connectionpool - 2022-06-04 14:42:01,100 - DEBUG - Starting new HTTPS connection (1): query2.finance.yahoo.com:443
[20540] urllib3.connectionpool - 2022-06-04 14:42:01,137 - DEBUG - https://query2.finance.yahoo.com:443 "GET /v8/finance/chart/BTC-USD?period1=1576558800&period2=1654405200&interval=1wk&includePrePost=False&events=div%2Csplits HTTP/1.1" 200 4981
[20540] urllib3.connectionpool - 2022-06-04 14:42:01,208 - DEBUG - Starting new HTTPS connection (1): query2.finance.yahoo.com:443
[20540] urllib3.connectionpool - 2022-06-04 14:42:01,267 - DEBUG - https://query2.finance.yahoo.com:443 "GET /v8/finance/chart/BTC-USD?period1=1576558800&period2=1654405200&interval=1wk&includePrePost=False&events=div%2Csplits HTTP/1.1" 200 4981
[20540] urllib3.connectionpool - 2022-06-04 14:42:01,404 - DEBUG - Starting new HTTPS connection (1): query2.finance.yahoo.com:443
[20540] urllib3.connectionpool - 2022-06-04 14:42:01,455 - DEBUG - https://query2.finance.yahoo.com:443 "GET /v8/finance/chart/BTC-USD?period1=1576558800&period2=1654405200&interval=1wk&includePrePost=False&events=div%2Csplits HTTP/1.1" 200 4975
[20540] urllib3.connectionpool - 2022-06-04 14:42:01,508 - DEBUG - Starting new HTTPS connection (1): query2.finance.yahoo.com:443
[20540] urllib3.connectionpool - 2022-06-04 14:42:01,794 - DEBUG - https://query2.finance.yahoo.com:443 "GET /v8/finance/chart/BTC-USD?period1=1576558800&period2=1654405200&interval=1wk&includePrePost=False&events=div%2Csplits HTTP/1.1" 200 4975
[20540] urllib3.connectionpool - 2022-06-04 14:42:01,869 - DEBUG - Starting new HTTPS connection (1): query2.finance.yahoo.com:443
[20540] urllib3.connectionpool - 2022-06-04 14:42:01,911 - DEBUG - https://query2.finance.yahoo.com:443 "GET /v8/finance/chart/BTC-USD?period1=1576558800&period2=1654405200&interval=1wk&includePrePost=False&events=div%2Csplits HTTP/1.1" 200 4981
[20540] urllib3.connectionpool - 2022-06-04 14:42:01,985 - DEBUG - Starting new HTTPS connection (1): query2.finance.yahoo.com:443
[20540] urllib3.connectionpool - 2022-06-04 14:42:02,022 - DEBUG - https://query2.finance.yahoo.com:443 "GET /v8/finance/chart/BTC-USD?period1=1576558800&period2=1654405200&interval=1wk&includePrePost=False&events=div%2Csplits HTTP/1.1" 200 4981
[20540] urllib3.connectionpool - 2022-06-04 14:42:02,300 - DEBUG - Starting new HTTPS connection (1): query2.finance.yahoo.com:443
[20540] urllib3.connectionpool - 2022-06-04 14:42:02,603 - DEBUG - https://query2.finance.yahoo.com:443 "GET /v8/finance/chart/BTC-USD?period1=1576558800&period2=1654405200&interval=1wk&includePrePost=False&events=div%2Csplits HTTP/1.1" 200 4975
[20540] urllib3.connectionpool - 2022-06-04 14:42:02,657 - DEBUG - Starting new HTTPS connection (1): query2.finance.yahoo.com:443
[20540] urllib3.connectionpool - 2022-06-04 14:42:02,703 - DEBUG - https://query2.finance.yahoo.com:443 "GET /v8/finance/chart/BTC-USD?period1=1576558800&period2=1654405200&interval=1wk&includePrePost=False&events=div%2Csplits HTTP/1.1" 200 4981
[20540] urllib3.connectionpool - 2022-06-04 14:42:08,541 - DEBUG - Starting new HTTPS connection (1): query2.finance.yahoo.com:443
[20540] urllib3.connectionpool - 2022-06-04 14:42:08,711 - DEBUG - https://query2.finance.yahoo.com:443 "GET /v8/finance/chart/BTC-USD?period1=1576558800&period2=1654405200&interval=1wk&includePrePost=False&events=div%2Csplits HTTP/1.1" 200 None
[20540] urllib3.connectionpool - 2022-06-04 14:42:08,744 - DEBUG - Starting new HTTPS connection (1): query2.finance.yahoo.com:443
[20540] urllib3.connectionpool - 2022-06-04 14:42:08,905 - DEBUG - https://query2.finance.yahoo.com:443 "GET /v8/finance/chart/BTC-USD?period1=1576558800&period2=1654405200&interval=1wk&includePrePost=False&events=div%2Csplits HTTP/1.1" 200 None
[20540] urllib3.connectionpool - 2022-06-04 14:42:08,949 - DEBUG - Starting new HTTPS connection (1): query2.finance.yahoo.com:443
[20540] urllib3.connectionpool - 2022-06-04 14:42:08,981 - DEBUG - https://query2.finance.yahoo.com:443 "GET /v8/finance/chart/BTC-USD?period1=1576558800&period2=1654405200&interval=1wk&includePrePost=False&events=div%2Csplits HTTP/1.1" 200 4973
[20540] urllib3.connectionpool - 2022-06-04 14:42:09,045 - DEBUG - Starting new HTTPS connection (1): query2.finance.yahoo.com:443
[20540] urllib3.connectionpool - 2022-06-04 14:42:09,198 - DEBUG - https://query2.finance.yahoo.com:443 "GET /v8/finance/chart/BTC-USD?period1=1576558800&period2=1654405200&interval=1wk&includePrePost=False&events=div%2Csplits HTTP/1.1" 200 None
[20540] urllib3.connectionpool - 2022-06-04 14:42:09,230 - DEBUG - Starting new HTTPS connection (1): query2.finance.yahoo.com:443
[20540] urllib3.connectionpool - 2022-06-04 14:42:09,265 - DEBUG - https://query2.finance.yahoo.com:443 "GET /v8/finance/chart/BTC-USD?period1=1576558800&period2=1654405200&interval=1wk&includePrePost=False&events=div%2Csplits HTTP/1.1" 200 4973
[20540] urllib3.connectionpool - 2022-06-04 14:42:09,306 - DEBUG - Starting new HTTPS connection (1): query2.finance.yahoo.com:443
[20540] urllib3.connectionpool - 2022-06-04 14:42:09,342 - DEBUG - https://query2.finance.yahoo.com:443 "GET /v8/finance/chart/BTC-USD?period1=1576558800&period2=1654405200&interval=1wk&includePrePost=False&events=div%2Csplits HTTP/1.1" 200 4971
[20540] urllib3.connectionpool - 2022-06-04 14:42:09,379 - DEBUG - Starting new HTTPS connection (1): query2.finance.yahoo.com:443
[20540] urllib3.connectionpool - 2022-06-04 14:42:09,417 - DEBUG - https://query2.finance.yahoo.com:443 "GET /v8/finance/chart/BTC-USD?period1=1576558800&period2=1654405200&interval=1wk&includePrePost=False&events=div%2Csplits HTTP/1.1" 200 4983
[20540] urllib3.connectionpool - 2022-06-04 14:42:09,460 - DEBUG - Starting new HTTPS connection (1): query2.finance.yahoo.com:443
[20540] urllib3.connectionpool - 2022-06-04 14:42:09,843 - DEBUG - https://query2.finance.yahoo.com:443 "GET /v8/finance/chart/BTC-USD?period1=1576558800&period2=1654405200&interval=1wk&includePrePost=False&events=div%2Csplits HTTP/1.1" 200 None
[20540] urllib3.connectionpool - 2022-06-04 14:42:09,883 - DEBUG - Starting new HTTPS connection (1): query2.finance.yahoo.com:443
[20540] urllib3.connectionpool - 2022-06-04 14:42:09,914 - DEBUG - https://query2.finance.yahoo.com:443 "GET /v8/finance/chart/BTC-USD?period1=1576558800&period2=1654405200&interval=1wk&includePrePost=False&events=div%2Csplits HTTP/1.1" 200 4971
[20540] urllib3.connectionpool - 2022-06-04 14:42:09,962 - DEBUG - Starting new HTTPS connection (1): query2.finance.yahoo.com:443
[20540] urllib3.connectionpool - 2022-06-04 14:42:10,017 - DEBUG - https://query2.finance.yahoo.com:443 "GET /v8/finance/chart/BTC-USD?period1=1576558800&period2=1654405200&interval=1wk&includePrePost=False&events=div%2Csplits HTTP/1.1" 200 4983
[20540] urllib3.connectionpool - 2022-06-04 14:42:10,054 - DEBUG - Starting new HTTPS connection (1): query2.finance.yahoo.com:443
[20540] urllib3.connectionpool - 2022-06-04 14:42:10,085 - DEBUG - https://query2.finance.yahoo.com:443 "GET /v8/finance/chart/BTC-USD?period1=1576558800&period2=1654405200&interval=1wk&includePrePost=False&events=div%2Csplits HTTP/1.1" 200 4983
[20540] urllib3.connectionpool - 2022-06-04 14:42:10,138 - DEBUG - Starting new HTTPS connection (1): query2.finance.yahoo.com:443
[20540] urllib3.connectionpool - 2022-06-04 14:42:10,170 - DEBUG - https://query2.finance.yahoo.com:443 "GET /v8/finance/chart/BTC-USD?period1=1576558800&period2=1654405200&interval=1wk&includePrePost=False&events=div%2Csplits HTTP/1.1" 200 4971
[20540] urllib3.connectionpool - 2022-06-04 14:42:10,214 - DEBUG - Starting new HTTPS connection (1): query2.finance.yahoo.com:443
[20540] urllib3.connectionpool - 2022-06-04 14:42:10,240 - DEBUG - https://query2.finance.yahoo.com:443 "GET /v8/finance/chart/BTC-USD?period1=1576558800&period2=1654405200&interval=1wk&includePrePost=False&events=div%2Csplits HTTP/1.1" 200 4971
[20540] urllib3.connectionpool - 2022-06-04 14:42:10,294 - DEBUG - Starting new HTTPS connection (1): query2.finance.yahoo.com:443
[20540] urllib3.connectionpool - 2022-06-04 14:42:10,335 - DEBUG - https://query2.finance.yahoo.com:443 "GET /v8/finance/chart/BTC-USD?period1=1576558800&period2=1654405200&interval=1wk&includePrePost=False&events=div%2Csplits HTTP/1.1" 200 4973
[20540] urllib3.connectionpool - 2022-06-04 14:42:10,376 - DEBUG - Starting new HTTPS connection (1): query2.finance.yahoo.com:443
[20540] urllib3.connectionpool - 2022-06-04 14:42:10,412 - DEBUG - https://query2.finance.yahoo.com:443 "GET /v8/finance/chart/BTC-USD?period1=1576558800&period2=1654405200&interval=1wk&includePrePost=False&events=div%2Csplits HTTP/1.1" 200 4983
[20540] urllib3.connectionpool - 2022-06-04 14:42:10,454 - DEBUG - Starting new HTTPS connection (1): query2.finance.yahoo.com:443
[20540] urllib3.connectionpool - 2022-06-04 14:42:10,492 - DEBUG - https://query2.finance.yahoo.com:443 "GET /v8/finance/chart/BTC-USD?period1=1576558800&period2=1654405200&interval=1wk&includePrePost=False&events=div%2Csplits HTTP/1.1" 200 4973
[20540] urllib3.connectionpool - 2022-06-04 14:42:10,545 - DEBUG - Starting new HTTPS connection (1): query2.finance.yahoo.com:443
[20540] urllib3.connectionpool - 2022-06-04 14:42:10,588 - DEBUG - https://query2.finance.yahoo.com:443 "GET /v8/finance/chart/BTC-USD?period1=1576558800&period2=1654405200&interval=1wk&includePrePost=False&events=div%2Csplits HTTP/1.1" 200 4981
[20540] urllib3.connectionpool - 2022-06-04 14:42:10,644 - DEBUG - Starting new HTTPS connection (1): query2.finance.yahoo.com:443
[20540] urllib3.connectionpool - 2022-06-04 14:42:10,680 - DEBUG - https://query2.finance.yahoo.com:443 "GET /v8/finance/chart/BTC-USD?period1=1576558800&period2=1654405200&interval=1wk&includePrePost=False&events=div%2Csplits HTTP/1.1" 200 4971
[20540] urllib3.connectionpool - 2022-06-04 14:42:10,757 - DEBUG - Starting new HTTPS connection (1): query2.finance.yahoo.com:443
[20540] urllib3.connectionpool - 2022-06-04 14:42:11,047 - DEBUG - https://query2.finance.yahoo.com:443 "GET /v8/finance/chart/BTC-USD?period1=1576558800&period2=1654405200&interval=1wk&includePrePost=False&events=div%2Csplits HTTP/1.1" 200 4981
[20540] urllib3.connectionpool - 2022-06-04 14:42:11,136 - DEBUG - Starting new HTTPS connection (1): query2.finance.yahoo.com:443
[20540] urllib3.connectionpool - 2022-06-04 14:42:11,194 - DEBUG - https://query2.finance.yahoo.com:443 "GET /v8/finance/chart/BTC-USD?period1=1576558800&period2=1654405200&interval=1wk&includePrePost=False&events=div%2Csplits HTTP/1.1" 200 4971
[20540] urllib3.connectionpool - 2022-06-04 14:42:11,310 - DEBUG - Starting new HTTPS connection (1): query2.finance.yahoo.com:443
[20540] urllib3.connectionpool - 2022-06-04 14:42:11,372 - DEBUG - https://query2.finance.yahoo.com:443 "GET /v8/finance/chart/BTC-USD?period1=1576558800&period2=1654405200&interval=1wk&includePrePost=False&events=div%2Csplits HTTP/1.1" 200 4983
[20540] urllib3.connectionpool - 2022-06-04 14:42:11,787 - DEBUG - Starting new HTTPS connection (1): query2.finance.yahoo.com:443
[20540] urllib3.connectionpool - 2022-06-04 14:42:11,874 - DEBUG - https://query2.finance.yahoo.com:443 "GET /v8/finance/chart/BTC-USD?period1=1576558800&period2=1654405200&interval=1wk&includePrePost=False&events=div%2Csplits HTTP/1.1" 200 4983
[20540] urllib3.connectionpool - 2022-06-04 14:42:12,183 - DEBUG - Starting new HTTPS connection (1): query2.finance.yahoo.com:443
[20540] urllib3.connectionpool - 2022-06-04 14:42:12,525 - DEBUG - https://query2.finance.yahoo.com:443 "GET /v8/finance/chart/BTC-USD?period1=1576558800&period2=1654405200&interval=1wk&includePrePost=False&events=div%2Csplits HTTP/1.1" 200 4981
[20540] urllib3.connectionpool - 2022-06-04 14:42:12,631 - DEBUG - Starting new HTTPS connection (1): query2.finance.yahoo.com:443
[20540] urllib3.connectionpool - 2022-06-04 14:42:12,698 - DEBUG - https://query2.finance.yahoo.com:443 "GET /v8/finance/chart/BTC-USD?period1=1576558800&period2=1654405200&interval=1wk&includePrePost=False&events=div%2Csplits HTTP/1.1" 200 4981
[20540] urllib3.connectionpool - 2022-06-04 14:42:12,850 - DEBUG - Starting new HTTPS connection (1): query2.finance.yahoo.com:443
[20540] urllib3.connectionpool - 2022-06-04 14:42:13,341 - DEBUG - https://query2.finance.yahoo.com:443 "GET /v8/finance/chart/BTC-USD?period1=1576558800&period2=1654405200&interval=1wk&includePrePost=False&events=div%2Csplits HTTP/1.1" 200 4973
[20540] urllib3.connectionpool - 2022-06-04 14:42:14,085 - DEBUG - Starting new HTTPS connection (1): query2.finance.yahoo.com:443
[20540] urllib3.connectionpool - 2022-06-04 14:42:14,128 - DEBUG - https://query2.finance.yahoo.com:443 "GET /v8/finance/chart/BTC-USD?period1=1576558800&period2=1654405200&interval=1wk&includePrePost=False&events=div%2Csplits HTTP/1.1" 200 4971
[20540] urllib3.connectionpool - 2022-06-04 14:42:14,374 - DEBUG - Starting new HTTPS connection (1): query2.finance.yahoo.com:443
[20540] urllib3.connectionpool - 2022-06-04 14:42:14,402 - DEBUG - https://query2.finance.yahoo.com:443 "GET /v8/finance/chart/BTC-USD?period1=1576558800&period2=1654405200&interval=1wk&includePrePost=False&events=div%2Csplits HTTP/1.1" 200 4973
[20540] urllib3.connectionpool - 2022-06-04 14:42:14,446 - DEBUG - Starting new HTTPS connection (1): query2.finance.yahoo.com:443
[20540] urllib3.connectionpool - 2022-06-04 14:42:14,764 - DEBUG - https://query2.finance.yahoo.com:443 "GET /v8/finance/chart/BTC-USD?period1=1576558800&period2=1654405200&interval=1wk&includePrePost=False&events=div%2Csplits HTTP/1.1" 200 4971
[20540] urllib3.connectionpool - 2022-06-04 14:42:14,804 - DEBUG - Starting new HTTPS connection (1): query2.finance.yahoo.com:443
[20540] urllib3.connectionpool - 2022-06-04 14:42:15,062 - DEBUG - https://query2.finance.yahoo.com:443 "GET /v8/finance/chart/BTC-USD?period1=1576558800&period2=1654405200&interval=1wk&includePrePost=False&events=div%2Csplits HTTP/1.1" 200 4973
[20540] urllib3.connectionpool - 2022-06-04 14:42:15,140 - DEBUG - Starting new HTTPS connection (1): query2.finance.yahoo.com:443
[20540] urllib3.connectionpool - 2022-06-04 14:42:15,167 - DEBUG - https://query2.finance.yahoo.com:443 "GET /v8/finance/chart/BTC-USD?period1=1576558800&period2=1654405200&interval=1wk&includePrePost=False&events=div%2Csplits HTTP/1.1" 200 4971
[20540] urllib3.connectionpool - 2022-06-04 14:42:37,958 - DEBUG - Starting new HTTPS connection (1): query2.finance.yahoo.com:443
[20540] urllib3.connectionpool - 2022-06-04 14:42:38,109 - DEBUG - https://query2.finance.yahoo.com:443 "GET /v8/finance/chart/BTC-USD?period1=1576558800&period2=1654405200&interval=1wk&includePrePost=False&events=div%2Csplits HTTP/1.1" 200 None
[20540] urllib3.connectionpool - 2022-06-04 14:42:38,161 - DEBUG - Starting new HTTPS connection (1): query2.finance.yahoo.com:443
[20540] urllib3.connectionpool - 2022-06-04 14:42:38,309 - DEBUG - https://query2.finance.yahoo.com:443 "GET /v8/finance/chart/BTC-USD?period1=1576558800&period2=1654405200&interval=1wk&includePrePost=False&events=div%2Csplits HTTP/1.1" 200 None
[20540] urllib3.connectionpool - 2022-06-04 14:42:38,553 - DEBUG - Starting new HTTPS connection (1): query2.finance.yahoo.com:443
[20540] urllib3.connectionpool - 2022-06-04 14:42:38,914 - DEBUG - https://query2.finance.yahoo.com:443 "GET /v8/finance/chart/BTC-USD?period1=1576558800&period2=1654405200&interval=1wk&includePrePost=False&events=div%2Csplits HTTP/1.1" 200 None
[20540] urllib3.connectionpool - 2022-06-04 14:42:38,936 - DEBUG - Starting new HTTPS connection (1): query2.finance.yahoo.com:443
[20540] urllib3.connectionpool - 2022-06-04 14:42:38,975 - DEBUG - https://query2.finance.yahoo.com:443 "GET /v8/finance/chart/BTC-USD?period1=1576558800&period2=1654405200&interval=1wk&includePrePost=False&events=div%2Csplits HTTP/1.1" 200 4983
[20540] urllib3.connectionpool - 2022-06-04 14:42:39,020 - DEBUG - Starting new HTTPS connection (1): query2.finance.yahoo.com:443
[20540] urllib3.connectionpool - 2022-06-04 14:42:39,060 - DEBUG - https://query2.finance.yahoo.com:443 "GET /v8/finance/chart/BTC-USD?period1=1576558800&period2=1654405200&interval=1wk&includePrePost=False&events=div%2Csplits HTTP/1.1" 200 4983
[20540] urllib3.connectionpool - 2022-06-04 14:42:39,129 - DEBUG - Starting new HTTPS connection (1): query2.finance.yahoo.com:443
[20540] urllib3.connectionpool - 2022-06-04 14:42:41,010 - DEBUG - https://query2.finance.yahoo.com:443 "GET /v8/finance/chart/BTC-USD?period1=1576558800&period2=1654405200&interval=1wk&includePrePost=False&events=div%2Csplits HTTP/1.1" 200 4986
[20540] urllib3.connectionpool - 2022-06-04 14:42:41,088 - DEBUG - Starting new HTTPS connection (1): query2.finance.yahoo.com:443
[20540] urllib3.connectionpool - 2022-06-04 14:42:41,145 - DEBUG - https://query2.finance.yahoo.com:443 "GET /v8/finance/chart/BTC-USD?period1=1576558800&period2=1654405200&interval=1wk&includePrePost=False&events=div%2Csplits HTTP/1.1" 200 4983
[20540] urllib3.connectionpool - 2022-06-04 14:42:41,460 - DEBUG - Starting new HTTPS connection (1): query2.finance.yahoo.com:443
[20540] urllib3.connectionpool - 2022-06-04 14:42:41,508 - DEBUG - https://query2.finance.yahoo.com:443 "GET /v8/finance/chart/BTC-USD?period1=1576558800&period2=1654405200&interval=1wk&includePrePost=False&events=div%2Csplits HTTP/1.1" 200 4973
[20540] urllib3.connectionpool - 2022-06-04 14:42:41,566 - DEBUG - Starting new HTTPS connection (1): query2.finance.yahoo.com:443
[20540] urllib3.connectionpool - 2022-06-04 14:42:41,639 - DEBUG - https://query2.finance.yahoo.com:443 "GET /v8/finance/chart/BTC-USD?period1=1576558800&period2=1654405200&interval=1wk&includePrePost=False&events=div%2Csplits HTTP/1.1" 200 4983
[20540] urllib3.connectionpool - 2022-06-04 14:42:41,974 - DEBUG - Starting new HTTPS connection (1): query2.finance.yahoo.com:443
[20540] urllib3.connectionpool - 2022-06-04 14:42:42,006 - DEBUG - https://query2.finance.yahoo.com:443 "GET /v8/finance/chart/BTC-USD?period1=1576558800&period2=1654405200&interval=1wk&includePrePost=False&events=div%2Csplits HTTP/1.1" 200 4973
[20540] urllib3.connectionpool - 2022-06-04 14:42:42,077 - DEBUG - Starting new HTTPS connection (1): query2.finance.yahoo.com:443
[20540] urllib3.connectionpool - 2022-06-04 14:42:42,123 - DEBUG - https://query2.finance.yahoo.com:443 "GET /v8/finance/chart/BTC-USD?period1=1576558800&period2=1654405200&interval=1wk&includePrePost=False&events=div%2Csplits HTTP/1.1" 200 4986
[20540] urllib3.connectionpool - 2022-06-04 14:42:42,236 - DEBUG - Starting new HTTPS connection (1): query2.finance.yahoo.com:443
[20540] urllib3.connectionpool - 2022-06-04 14:42:42,639 - DEBUG - https://query2.finance.yahoo.com:443 "GET /v8/finance/chart/BTC-USD?period1=1576558800&period2=1654405200&interval=1wk&includePrePost=False&events=div%2Csplits HTTP/1.1" 200 None
[20540] urllib3.connectionpool - 2022-06-04 14:42:42,676 - DEBUG - Starting new HTTPS connection (1): query2.finance.yahoo.com:443
[20540] urllib3.connectionpool - 2022-06-04 14:42:42,715 - DEBUG - https://query2.finance.yahoo.com:443 "GET /v8/finance/chart/BTC-USD?period1=1576558800&period2=1654405200&interval=1wk&includePrePost=False&events=div%2Csplits HTTP/1.1" 200 4983
[20540] urllib3.connectionpool - 2022-06-04 14:42:46,266 - DEBUG - Starting new HTTPS connection (1): query2.finance.yahoo.com:443
[20540] urllib3.connectionpool - 2022-06-04 14:42:46,320 - DEBUG - https://query2.finance.yahoo.com:443 "GET /v8/finance/chart/BTC-USD?period1=1576558800&period2=1654405200&interval=1wk&includePrePost=False&events=div%2Csplits HTTP/1.1" 200 4983
[20540] urllib3.connectionpool - 2022-06-04 14:42:46,397 - DEBUG - Starting new HTTPS connection (1): query2.finance.yahoo.com:443
[20540] urllib3.connectionpool - 2022-06-04 14:42:46,703 - DEBUG - https://query2.finance.yahoo.com:443 "GET /v8/finance/chart/BTC-USD?period1=1576558800&period2=1654405200&interval=1wk&includePrePost=False&events=div%2Csplits HTTP/1.1" 200 4983
[20540] urllib3.connectionpool - 2022-06-04 14:42:46,861 - DEBUG - Starting new HTTPS connection (1): query2.finance.yahoo.com:443
[20540] urllib3.connectionpool - 2022-06-04 14:42:46,922 - DEBUG - https://query2.finance.yahoo.com:443 "GET /v8/finance/chart/BTC-USD?period1=1576558800&period2=1654405200&interval=1wk&includePrePost=False&events=div%2Csplits HTTP/1.1" 200 4971
[20540] urllib3.connectionpool - 2022-06-04 14:42:47,025 - DEBUG - Starting new HTTPS connection (1): query2.finance.yahoo.com:443
[20540] urllib3.connectionpool - 2022-06-04 14:42:47,091 - DEBUG - https://query2.finance.yahoo.com:443 "GET /v8/finance/chart/BTC-USD?period1=1576558800&period2=1654405200&interval=1wk&includePrePost=False&events=div%2Csplits HTTP/1.1" 200 4986
[20540] urllib3.connectionpool - 2022-06-04 14:42:47,166 - DEBUG - Starting new HTTPS connection (1): query2.finance.yahoo.com:443
[20540] urllib3.connectionpool - 2022-06-04 14:42:47,663 - DEBUG - https://query2.finance.yahoo.com:443 "GET /v8/finance/chart/BTC-USD?period1=1576558800&period2=1654405200&interval=1wk&includePrePost=False&events=div%2Csplits HTTP/1.1" 200 4971
[20540] urllib3.connectionpool - 2022-06-04 14:42:47,691 - DEBUG - Starting new HTTPS connection (1): query2.finance.yahoo.com:443
[20540] urllib3.connectionpool - 2022-06-04 14:42:48,514 - DEBUG - https://query2.finance.yahoo.com:443 "GET /v8/finance/chart/BTC-USD?period1=1576558800&period2=1654405200&interval=1wk&includePrePost=False&events=div%2Csplits HTTP/1.1" 200 None
[20540] urllib3.connectionpool - 2022-06-04 14:42:48,542 - DEBUG - Starting new HTTPS connection (1): query2.finance.yahoo.com:443
[20540] urllib3.connectionpool - 2022-06-04 14:42:48,599 - DEBUG - https://query2.finance.yahoo.com:443 "GET /v8/finance/chart/BTC-USD?period1=1576558800&period2=1654405200&interval=1wk&includePrePost=False&events=div%2Csplits HTTP/1.1" 200 4971
[20540] urllib3.connectionpool - 2022-06-04 14:42:49,468 - DEBUG - Starting new HTTPS connection (1): query2.finance.yahoo.com:443
[20540] urllib3.connectionpool - 2022-06-04 14:42:49,513 - DEBUG - https://query2.finance.yahoo.com:443 "GET /v8/finance/chart/BTC-USD?period1=1576558800&period2=1654405200&interval=1wk&includePrePost=False&events=div%2Csplits HTTP/1.1" 200 4986
[20540] urllib3.connectionpool - 2022-06-04 14:42:49,591 - DEBUG - Starting new HTTPS connection (1): query2.finance.yahoo.com:443
[20540] urllib3.connectionpool - 2022-06-04 14:42:49,633 - DEBUG - https://query2.finance.yahoo.com:443 "GET /v8/finance/chart/BTC-USD?period1=1576558800&period2=1654405200&interval=1wk&includePrePost=False&events=div%2Csplits HTTP/1.1" 200 4986
[20540] urllib3.connectionpool - 2022-06-04 14:42:49,715 - DEBUG - Starting new HTTPS connection (1): query2.finance.yahoo.com:443
[20540] urllib3.connectionpool - 2022-06-04 14:42:50,119 - DEBUG - https://query2.finance.yahoo.com:443 "GET /v8/finance/chart/BTC-USD?period1=1576558800&period2=1654405200&interval=1wk&includePrePost=False&events=div%2Csplits HTTP/1.1" 200 None
[20540] urllib3.connectionpool - 2022-06-04 14:42:50,161 - DEBUG - Starting new HTTPS connection (1): query2.finance.yahoo.com:443
[20540] urllib3.connectionpool - 2022-06-04 14:42:50,314 - DEBUG - https://query2.finance.yahoo.com:443 "GET /v8/finance/chart/BTC-USD?period1=1576558800&period2=1654405200&interval=1wk&includePrePost=False&events=div%2Csplits HTTP/1.1" 200 None
[20540] urllib3.connectionpool - 2022-06-04 14:42:51,885 - DEBUG - Starting new HTTPS connection (1): query2.finance.yahoo.com:443
[20540] urllib3.connectionpool - 2022-06-04 14:42:51,948 - DEBUG - https://query2.finance.yahoo.com:443 "GET /v8/finance/chart/BTC-USD?period1=1576558800&period2=1654405200&interval=1wk&includePrePost=False&events=div%2Csplits HTTP/1.1" 200 4970
[20540] urllib3.connectionpool - 2022-06-04 14:42:52,039 - DEBUG - Starting new HTTPS connection (1): query2.finance.yahoo.com:443
[20540] urllib3.connectionpool - 2022-06-04 14:42:52,101 - DEBUG - https://query2.finance.yahoo.com:443 "GET /v8/finance/chart/BTC-USD?period1=1576558800&period2=1654405200&interval=1wk&includePrePost=False&events=div%2Csplits HTTP/1.1" 200 4971
[20540] urllib3.connectionpool - 2022-06-04 14:42:52,424 - DEBUG - Starting new HTTPS connection (1): query2.finance.yahoo.com:443
[20540] urllib3.connectionpool - 2022-06-04 14:42:52,470 - DEBUG - https://query2.finance.yahoo.com:443 "GET /v8/finance/chart/BTC-USD?period1=1576558800&period2=1654405200&interval=1wk&includePrePost=False&events=div%2Csplits HTTP/1.1" 200 4970
[20540] urllib3.connectionpool - 2022-06-04 14:42:52,797 - DEBUG - Starting new HTTPS connection (1): query2.finance.yahoo.com:443
[20540] urllib3.connectionpool - 2022-06-04 14:42:52,847 - DEBUG - https://query2.finance.yahoo.com:443 "GET /v8/finance/chart/BTC-USD?period1=1576558800&period2=1654405200&interval=1wk&includePrePost=False&events=div%2Csplits HTTP/1.1" 200 4986
[20540] urllib3.connectionpool - 2022-06-04 14:42:52,937 - DEBUG - Starting new HTTPS connection (1): query2.finance.yahoo.com:443
[20540] urllib3.connectionpool - 2022-06-04 14:42:53,013 - DEBUG - https://query2.finance.yahoo.com:443 "GET /v8/finance/chart/BTC-USD?period1=1576558800&period2=1654405200&interval=1wk&includePrePost=False&events=div%2Csplits HTTP/1.1" 200 4986
[20540] urllib3.connectionpool - 2022-06-04 14:42:53,140 - DEBUG - Starting new HTTPS connection (1): query2.finance.yahoo.com:443
[20540] urllib3.connectionpool - 2022-06-04 14:42:53,188 - DEBUG - https://query2.finance.yahoo.com:443 "GET /v8/finance/chart/BTC-USD?period1=1576558800&period2=1654405200&interval=1wk&includePrePost=False&events=div%2Csplits HTTP/1.1" 200 4970
[20540] urllib3.connectionpool - 2022-06-04 14:43:02,850 - DEBUG - Starting new HTTPS connection (1): query2.finance.yahoo.com:443
[20540] urllib3.connectionpool - 2022-06-04 14:43:03,003 - DEBUG - https://query2.finance.yahoo.com:443 "GET /v8/finance/chart/BTC-USD?period1=1576558800&period2=1654405200&interval=1wk&includePrePost=False&events=div%2Csplits HTTP/1.1" 200 None
[20540] urllib3.connectionpool - 2022-06-04 14:43:03,076 - DEBUG - Starting new HTTPS connection (1): query2.finance.yahoo.com:443
[20540] urllib3.connectionpool - 2022-06-04 14:43:03,117 - DEBUG - https://query2.finance.yahoo.com:443 "GET /v8/finance/chart/BTC-USD?period1=1576558800&period2=1654405200&interval=1wk&includePrePost=False&events=div%2Csplits HTTP/1.1" 200 4954
[20540] urllib3.connectionpool - 2022-06-04 14:43:03,179 - DEBUG - Starting new HTTPS connection (1): query2.finance.yahoo.com:443
[20540] urllib3.connectionpool - 2022-06-04 14:43:03,558 - DEBUG - https://query2.finance.yahoo.com:443 "GET /v8/finance/chart/BTC-USD?period1=1576558800&period2=1654405200&interval=1wk&includePrePost=False&events=div%2Csplits HTTP/1.1" 200 None
[20540] urllib3.connectionpool - 2022-06-04 14:43:03,595 - DEBUG - Starting new HTTPS connection (1): query2.finance.yahoo.com:443
[20540] urllib3.connectionpool - 2022-06-04 14:43:03,629 - DEBUG - https://query2.finance.yahoo.com:443 "GET /v8/finance/chart/BTC-USD?period1=1576558800&period2=1654405200&interval=1wk&includePrePost=False&events=div%2Csplits HTTP/1.1" 200 4971
[20540] urllib3.connectionpool - 2022-06-04 14:43:03,666 - DEBUG - Starting new HTTPS connection (1): query2.finance.yahoo.com:443
[20540] urllib3.connectionpool - 2022-06-04 14:43:03,705 - DEBUG - https://query2.finance.yahoo.com:443 "GET /v8/finance/chart/BTC-USD?period1=1576558800&period2=1654405200&interval=1wk&includePrePost=False&events=div%2Csplits HTTP/1.1" 200 4954
[20540] urllib3.connectionpool - 2022-06-04 14:43:03,743 - DEBUG - Starting new HTTPS connection (1): query2.finance.yahoo.com:443
[20540] urllib3.connectionpool - 2022-06-04 14:43:03,889 - DEBUG - https://query2.finance.yahoo.com:443 "GET /v8/finance/chart/BTC-USD?period1=1576558800&period2=1654405200&interval=1wk&includePrePost=False&events=div%2Csplits HTTP/1.1" 200 4971
[20540] urllib3.connectionpool - 2022-06-04 14:43:04,763 - DEBUG - Starting new HTTPS connection (1): query2.finance.yahoo.com:443
[20540] urllib3.connectionpool - 2022-06-04 14:43:05,122 - DEBUG - https://query2.finance.yahoo.com:443 "GET /v8/finance/chart/BTC-USD?period1=1576558800&period2=1654405200&interval=1wk&includePrePost=False&events=div%2Csplits HTTP/1.1" 200 None
[20540] urllib3.connectionpool - 2022-06-04 14:43:05,176 - DEBUG - Starting new HTTPS connection (1): query2.finance.yahoo.com:443
[20540] urllib3.connectionpool - 2022-06-04 14:43:05,225 - DEBUG - https://query2.finance.yahoo.com:443 "GET /v8/finance/chart/BTC-USD?period1=1576558800&period2=1654405200&interval=1wk&includePrePost=False&events=div%2Csplits HTTP/1.1" 200 4946
[20540] urllib3.connectionpool - 2022-06-04 14:43:05,419 - DEBUG - Starting new HTTPS connection (1): query2.finance.yahoo.com:443
[20540] urllib3.connectionpool - 2022-06-04 14:43:07,239 - DEBUG - https://query2.finance.yahoo.com:443 "GET /v8/finance/chart/BTC-USD?period1=1576558800&period2=1654405200&interval=1wk&includePrePost=False&events=div%2Csplits HTTP/1.1" 200 4954
[20540] urllib3.connectionpool - 2022-06-04 14:43:07,565 - DEBUG - Starting new HTTPS connection (1): query2.finance.yahoo.com:443
[20540] urllib3.connectionpool - 2022-06-04 14:43:08,126 - DEBUG - https://query2.finance.yahoo.com:443 "GET /v8/finance/chart/BTC-USD?period1=1576558800&period2=1654405200&interval=1wk&includePrePost=False&events=div%2Csplits HTTP/1.1" 200 4954
[20540] urllib3.connectionpool - 2022-06-04 14:43:08,196 - DEBUG - Starting new HTTPS connection (1): query2.finance.yahoo.com:443
[20540] urllib3.connectionpool - 2022-06-04 14:43:08,250 - DEBUG - https://query2.finance.yahoo.com:443 "GET /v8/finance/chart/BTC-USD?period1=1576558800&period2=1654405200&interval=1wk&includePrePost=False&events=div%2Csplits HTTP/1.1" 200 4946
[20540] urllib3.connectionpool - 2022-06-04 14:43:08,374 - DEBUG - Starting new HTTPS connection (1): query2.finance.yahoo.com:443
[20540] urllib3.connectionpool - 2022-06-04 14:43:08,974 - DEBUG - https://query2.finance.yahoo.com:443 "GET /v8/finance/chart/BTC-USD?period1=1576558800&period2=1654405200&interval=1wk&includePrePost=False&events=div%2Csplits HTTP/1.1" 200 4954
[20540] urllib3.connectionpool - 2022-06-04 14:43:09,057 - DEBUG - Starting new HTTPS connection (1): query2.finance.yahoo.com:443
[20540] urllib3.connectionpool - 2022-06-04 14:43:09,390 - DEBUG - https://query2.finance.yahoo.com:443 "GET /v8/finance/chart/BTC-USD?period1=1576558800&period2=1654405200&interval=1wk&includePrePost=False&events=div%2Csplits HTTP/1.1" 200 4946
[20540] urllib3.connectionpool - 2022-06-04 14:43:09,506 - DEBUG - Starting new HTTPS connection (1): query2.finance.yahoo.com:443
[20540] urllib3.connectionpool - 2022-06-04 14:43:09,550 - DEBUG - https://query2.finance.yahoo.com:443 "GET /v8/finance/chart/BTC-USD?period1=1576558800&period2=1654405200&interval=1wk&includePrePost=False&events=div%2Csplits HTTP/1.1" 200 4946
[20540] urllib3.connectionpool - 2022-06-04 14:43:09,686 - DEBUG - Starting new HTTPS connection (1): query2.finance.yahoo.com:443
[20540] urllib3.connectionpool - 2022-06-04 14:43:09,732 - DEBUG - https://query2.finance.yahoo.com:443 "GET /v8/finance/chart/BTC-USD?period1=1576558800&period2=1654405200&interval=1wk&includePrePost=False&events=div%2Csplits HTTP/1.1" 200 4946
[20540] urllib3.connectionpool - 2022-06-04 14:43:10,025 - DEBUG - Starting new HTTPS connection (1): query2.finance.yahoo.com:443
[20540] urllib3.connectionpool - 2022-06-04 14:43:10,067 - DEBUG - https://query2.finance.yahoo.com:443 "GET /v8/finance/chart/BTC-USD?period1=1576558800&period2=1654405200&interval=1wk&includePrePost=False&events=div%2Csplits HTTP/1.1" 200 4954
[20540] urllib3.connectionpool - 2022-06-04 14:43:10,126 - DEBUG - Starting new HTTPS connection (1): query2.finance.yahoo.com:443
[20540] urllib3.connectionpool - 2022-06-04 14:43:10,172 - DEBUG - https://query2.finance.yahoo.com:443 "GET /v8/finance/chart/BTC-USD?period1=1576558800&period2=1654405200&interval=1wk&includePrePost=False&events=div%2Csplits HTTP/1.1" 200 4954
[20540] urllib3.connectionpool - 2022-06-04 14:43:10,270 - DEBUG - Starting new HTTPS connection (1): query2.finance.yahoo.com:443
[20540] urllib3.connectionpool - 2022-06-04 14:43:10,322 - DEBUG - https://query2.finance.yahoo.com:443 "GET /v8/finance/chart/BTC-USD?period1=1576558800&period2=1654405200&interval=1wk&includePrePost=False&events=div%2Csplits HTTP/1.1" 200 4946
[20540] urllib3.connectionpool - 2022-06-04 14:43:10,407 - DEBUG - Starting new HTTPS connection (1): query2.finance.yahoo.com:443
[20540] urllib3.connectionpool - 2022-06-04 14:43:10,453 - DEBUG - https://query2.finance.yahoo.com:443 "GET /v8/finance/chart/BTC-USD?period1=1576558800&period2=1654405200&interval=1wk&includePrePost=False&events=div%2Csplits HTTP/1.1" 200 4954
[20540] urllib3.connectionpool - 2022-06-04 14:43:10,497 - DEBUG - Starting new HTTPS connection (1): query2.finance.yahoo.com:443
[20540] urllib3.connectionpool - 2022-06-04 14:43:10,551 - DEBUG - https://query2.finance.yahoo.com:443 "GET /v8/finance/chart/BTC-USD?period1=1576558800&period2=1654405200&interval=1wk&includePrePost=False&events=div%2Csplits HTTP/1.1" 200 4971
[20540] urllib3.connectionpool - 2022-06-04 14:43:10,605 - DEBUG - Starting new HTTPS connection (1): query2.finance.yahoo.com:443
[20540] urllib3.connectionpool - 2022-06-04 14:43:10,883 - DEBUG - https://query2.finance.yahoo.com:443 "GET /v8/finance/chart/BTC-USD?period1=1576558800&period2=1654405200&interval=1wk&includePrePost=False&events=div%2Csplits HTTP/1.1" 200 4946
[20540] urllib3.connectionpool - 2022-06-04 14:43:11,027 - DEBUG - Starting new HTTPS connection (1): query2.finance.yahoo.com:443
[20540] urllib3.connectionpool - 2022-06-04 14:43:11,088 - DEBUG - https://query2.finance.yahoo.com:443 "GET /v8/finance/chart/BTC-USD?period1=1576558800&period2=1654405200&interval=1wk&includePrePost=False&events=div%2Csplits HTTP/1.1" 200 4946
[20540] urllib3.connectionpool - 2022-06-04 14:43:11,197 - DEBUG - Starting new HTTPS connection (1): query2.finance.yahoo.com:443
[20540] urllib3.connectionpool - 2022-06-04 14:43:11,251 - DEBUG - https://query2.finance.yahoo.com:443 "GET /v8/finance/chart/BTC-USD?period1=1576558800&period2=1654405200&interval=1wk&includePrePost=False&events=div%2Csplits HTTP/1.1" 200 4971
[20540] urllib3.connectionpool - 2022-06-04 14:43:11,568 - DEBUG - Starting new HTTPS connection (1): query2.finance.yahoo.com:443
[20540] urllib3.connectionpool - 2022-06-04 14:43:11,620 - DEBUG - https://query2.finance.yahoo.com:443 "GET /v8/finance/chart/BTC-USD?period1=1576558800&period2=1654405200&interval=1wk&includePrePost=False&events=div%2Csplits HTTP/1.1" 200 4946
[20540] urllib3.connectionpool - 2022-06-04 14:43:11,910 - DEBUG - Starting new HTTPS connection (1): query2.finance.yahoo.com:443
[20540] urllib3.connectionpool - 2022-06-04 14:43:11,951 - DEBUG - https://query2.finance.yahoo.com:443 "GET /v8/finance/chart/BTC-USD?period1=1576558800&period2=1654405200&interval=1wk&includePrePost=False&events=div%2Csplits HTTP/1.1" 200 4954
[20540] urllib3.connectionpool - 2022-06-04 14:43:12,025 - DEBUG - Starting new HTTPS connection (1): query2.finance.yahoo.com:443
[20540] urllib3.connectionpool - 2022-06-04 14:43:12,065 - DEBUG - https://query2.finance.yahoo.com:443 "GET /v8/finance/chart/BTC-USD?period1=1576558800&period2=1654405200&interval=1wk&includePrePost=False&events=div%2Csplits HTTP/1.1" 200 4954
[20540] urllib3.connectionpool - 2022-06-04 14:43:12,159 - DEBUG - Starting new HTTPS connection (1): query2.finance.yahoo.com:443
[20540] urllib3.connectionpool - 2022-06-04 14:43:12,211 - DEBUG - https://query2.finance.yahoo.com:443 "GET /v8/finance/chart/BTC-USD?period1=1576558800&period2=1654405200&interval=1wk&includePrePost=False&events=div%2Csplits HTTP/1.1" 200 4971
[20540] urllib3.connectionpool - 2022-06-04 14:43:12,280 - DEBUG - Starting new HTTPS connection (1): query2.finance.yahoo.com:443
[20540] urllib3.connectionpool - 2022-06-04 14:43:12,576 - DEBUG - https://query2.finance.yahoo.com:443 "GET /v8/finance/chart/BTC-USD?period1=1576558800&period2=1654405200&interval=1wk&includePrePost=False&events=div%2Csplits HTTP/1.1" 200 4971
[20540] urllib3.connectionpool - 2022-06-04 14:43:12,603 - DEBUG - Starting new HTTPS connection (1): query2.finance.yahoo.com:443
[20540] urllib3.connectionpool - 2022-06-04 14:43:12,653 - DEBUG - https://query2.finance.yahoo.com:443 "GET /v8/finance/chart/BTC-USD?period1=1576558800&period2=1654405200&interval=1wk&includePrePost=False&events=div%2Csplits HTTP/1.1" 200 4946
[20540] urllib3.connectionpool - 2022-06-04 14:43:12,706 - DEBUG - Starting new HTTPS connection (1): query2.finance.yahoo.com:443
[20540] urllib3.connectionpool - 2022-06-04 14:43:12,753 - DEBUG - https://query2.finance.yahoo.com:443 "GET /v8/finance/chart/BTC-USD?period1=1576558800&period2=1654405200&interval=1wk&includePrePost=False&events=div%2Csplits HTTP/1.1" 200 4946
[20540] urllib3.connectionpool - 2022-06-04 14:46:04,819 - DEBUG - Starting new HTTPS connection (1): query2.finance.yahoo.com:443
[20540] urllib3.connectionpool - 2022-06-04 14:46:05,185 - DEBUG - https://query2.finance.yahoo.com:443 "GET /v8/finance/chart/STETH-USD?period1=1576558800&period2=1654405200&interval=1wk&includePrePost=False&events=div%2Csplits HTTP/1.1" 200 None
[20540] urllib3.connectionpool - 2022-06-04 14:46:05,240 - DEBUG - Starting new HTTPS connection (1): query2.finance.yahoo.com:443
[20540] urllib3.connectionpool - 2022-06-04 14:46:05,410 - DEBUG - https://query2.finance.yahoo.com:443 "GET /v8/finance/chart/BCH-USD?period1=1576558800&period2=1654405200&interval=1wk&includePrePost=False&events=div%2Csplits HTTP/1.1" 200 None
[20540] urllib3.connectionpool - 2022-06-04 14:46:06,159 - DEBUG - Starting new HTTPS connection (1): query2.finance.yahoo.com:443
[20540] urllib3.connectionpool - 2022-06-04 14:46:06,304 - DEBUG - https://query2.finance.yahoo.com:443 "GET /v8/finance/chart/XMR-USD?period1=1576558800&period2=1654405200&interval=1wk&includePrePost=False&events=div%2Csplits HTTP/1.1" 200 None
[20540] urllib3.connectionpool - 2022-06-04 14:46:06,671 - DEBUG - Starting new HTTPS connection (1): query2.finance.yahoo.com:443
[20540] urllib3.connectionpool - 2022-06-04 14:46:07,128 - DEBUG - https://query2.finance.yahoo.com:443 "GET /v8/finance/chart/SOL-USD?period1=1576558800&period2=1654405200&interval=1wk&includePrePost=False&events=div%2Csplits HTTP/1.1" 200 None
[20540] urllib3.connectionpool - 2022-06-04 14:46:07,183 - DEBUG - Starting new HTTPS connection (1): query2.finance.yahoo.com:443
[20540] urllib3.connectionpool - 2022-06-04 14:46:07,342 - DEBUG - https://query2.finance.yahoo.com:443 "GET /v8/finance/chart/UNI1-USD?period1=1576558800&period2=1654405200&interval=1wk&includePrePost=False&events=div%2Csplits HTTP/1.1" 200 None
[20540] urllib3.connectionpool - 2022-06-04 14:46:07,645 - DEBUG - Starting new HTTPS connection (1): query2.finance.yahoo.com:443
[20540] urllib3.connectionpool - 2022-06-04 14:46:07,800 - DEBUG - https://query2.finance.yahoo.com:443 "GET /v8/finance/chart/BUSD-USD?period1=1576558800&period2=1654405200&interval=1wk&includePrePost=False&events=div%2Csplits HTTP/1.1" 200 None
[21532] __main__ - 2022-06-04 14:46:41,920 - INFO - ...... Initialization Completed  ......
[21532] __main__ - 2022-06-04 14:46:41,920 - INFO - [1;32m

 #####  #######    #    ######  ####### ### #     #  #####     
 #     #    #      # #   #     #    #     #  ##    # #     #    
 #          #     #   #  #     #    #     #  # #   # #          
  #####     #    #     # ######     #     #  #  #  # #  ####    
       #    #    ####### #   #      #     #  #   # # #     #    
 #     #    #    #     # #    #     #     #  #    ## #     #    
  #####     #    #     # #     #    #    ### #     #  #####     
                                                                
 ######   #####  #          #                                   
 #     # #     # #    #    # #                                  
 #     # #       #    #   #   #                                 
 #     #  #####  #    #  #     #                                
 #     #       # ####### #######                                
 #     # #     #      #  #     #                                
 ######   #####       #  #     # 


Author.: TEAM 39
Company .: DS4A
Version .: 1.1

    
[21532] __main__ - 2022-06-04 14:46:43,477 - INFO - ...... Initialization Completed  ......
[21532] __main__ - 2022-06-04 14:46:43,478 - INFO - [1;32m

 #####  #######    #    ######  ####### ### #     #  #####     
 #     #    #      # #   #     #    #     #  ##    # #     #    
 #          #     #   #  #     #    #     #  # #   # #          
  #####     #    #     # ######     #     #  #  #  # #  ####    
       #    #    ####### #   #      #     #  #   # # #     #    
 #     #    #    #     # #    #     #     #  #    ## #     #    
  #####     #    #     # #     #    #    ### #     #  #####     
                                                                
 ######   #####  #          #                                   
 #     # #     # #    #    # #                                  
 #     # #       #    #   #   #                                 
 #     #  #####  #    #  #     #                                
 #     #       # ####### #######                                
 #     # #     #      #  #     #                                
 ######   #####       #  #     # 


Author.: TEAM 39
Company .: DS4A
Version .: 1.1

    
[21532] urllib3.connectionpool - 2022-06-04 14:46:49,296 - DEBUG - Starting new HTTPS connection (1): query2.finance.yahoo.com:443
[21532] urllib3.connectionpool - 2022-06-04 14:46:49,679 - DEBUG - https://query2.finance.yahoo.com:443 "GET /v8/finance/chart/AVAX-USD?period1=1576558800&period2=1654405200&interval=1wk&includePrePost=False&events=div%2Csplits HTTP/1.1" 200 None
[21532] urllib3.connectionpool - 2022-06-04 14:46:49,795 - DEBUG - Starting new HTTPS connection (1): query2.finance.yahoo.com:443
[21532] urllib3.connectionpool - 2022-06-04 14:46:49,956 - DEBUG - https://query2.finance.yahoo.com:443 "GET /v8/finance/chart/USDT-USD?period1=1576558800&period2=1654405200&interval=1wk&includePrePost=False&events=div%2Csplits HTTP/1.1" 200 None
[21532] urllib3.connectionpool - 2022-06-04 14:46:50,031 - DEBUG - Starting new HTTPS connection (1): query2.finance.yahoo.com:443
[21532] urllib3.connectionpool - 2022-06-04 14:46:50,417 - DEBUG - https://query2.finance.yahoo.com:443 "GET /v8/finance/chart/XLM-USD?period1=1576558800&period2=1654405200&interval=1wk&includePrePost=False&events=div%2Csplits HTTP/1.1" 200 None
[21532] urllib3.connectionpool - 2022-06-04 14:46:50,483 - DEBUG - Starting new HTTPS connection (1): query2.finance.yahoo.com:443
[21532] urllib3.connectionpool - 2022-06-04 14:46:50,654 - DEBUG - https://query2.finance.yahoo.com:443 "GET /v8/finance/chart/CRO-USD?period1=1576558800&period2=1654405200&interval=1wk&includePrePost=False&events=div%2Csplits HTTP/1.1" 200 None
[21532] urllib3.connectionpool - 2022-06-04 14:46:50,804 - DEBUG - Starting new HTTPS connection (1): query2.finance.yahoo.com:443
[21532] urllib3.connectionpool - 2022-06-04 14:46:50,968 - DEBUG - https://query2.finance.yahoo.com:443 "GET /v8/finance/chart/YOUC-USD?period1=1576558800&period2=1654405200&interval=1wk&includePrePost=False&events=div%2Csplits HTTP/1.1" 200 None
[21532] urllib3.connectionpool - 2022-06-04 14:46:51,162 - DEBUG - Starting new HTTPS connection (1): query2.finance.yahoo.com:443
[21532] urllib3.connectionpool - 2022-06-04 14:46:51,521 - DEBUG - https://query2.finance.yahoo.com:443 "GET /v8/finance/chart/XMR-USD?period1=1576558800&period2=1654405200&interval=1wk&includePrePost=False&events=div%2Csplits HTTP/1.1" 200 None
[21532] urllib3.connectionpool - 2022-06-04 14:46:51,563 - DEBUG - Starting new HTTPS connection (1): query2.finance.yahoo.com:443
[21532] urllib3.connectionpool - 2022-06-04 14:46:51,715 - DEBUG - https://query2.finance.yahoo.com:443 "GET /v8/finance/chart/WTRX-USD?period1=1576558800&period2=1654405200&interval=1wk&includePrePost=False&events=div%2Csplits HTTP/1.1" 200 1096
[21532] urllib3.connectionpool - 2022-06-04 14:46:52,480 - DEBUG - Starting new HTTPS connection (1): query2.finance.yahoo.com:443
[21532] urllib3.connectionpool - 2022-06-04 14:46:52,863 - DEBUG - https://query2.finance.yahoo.com:443 "GET /v8/finance/chart/LEO-USD?period1=1576558800&period2=1654405200&interval=1wk&includePrePost=False&events=div%2Csplits HTTP/1.1" 200 None
[21532] urllib3.connectionpool - 2022-06-04 14:46:52,962 - DEBUG - Starting new HTTPS connection (1): query2.finance.yahoo.com:443
[21532] urllib3.connectionpool - 2022-06-04 14:46:53,361 - DEBUG - https://query2.finance.yahoo.com:443 "GET /v8/finance/chart/USDC-USD?period1=1576558800&period2=1654405200&interval=1wk&includePrePost=False&events=div%2Csplits HTTP/1.1" 200 None
[21532] urllib3.connectionpool - 2022-06-04 14:46:53,436 - DEBUG - Starting new HTTPS connection (1): query2.finance.yahoo.com:443
[21532] urllib3.connectionpool - 2022-06-04 14:46:53,590 - DEBUG - https://query2.finance.yahoo.com:443 "GET /v8/finance/chart/FTT-USD?period1=1576558800&period2=1654405200&interval=1wk&includePrePost=False&events=div%2Csplits HTTP/1.1" 200 None
[21532] urllib3.connectionpool - 2022-06-04 14:46:53,703 - DEBUG - Starting new HTTPS connection (1): query2.finance.yahoo.com:443
[21532] urllib3.connectionpool - 2022-06-04 14:46:54,159 - DEBUG - https://query2.finance.yahoo.com:443 "GET /v8/finance/chart/MATIC-USD?period1=1576558800&period2=1654405200&interval=1wk&includePrePost=False&events=div%2Csplits HTTP/1.1" 200 None
[21532] urllib3.connectionpool - 2022-06-04 14:46:54,253 - DEBUG - Starting new HTTPS connection (1): query2.finance.yahoo.com:443
[21532] urllib3.connectionpool - 2022-06-04 14:46:54,412 - DEBUG - https://query2.finance.yahoo.com:443 "GET /v8/finance/chart/NEAR-USD?period1=1576558800&period2=1654405200&interval=1wk&includePrePost=False&events=div%2Csplits HTTP/1.1" 200 None
[21532] urllib3.connectionpool - 2022-06-04 14:46:54,697 - DEBUG - Starting new HTTPS connection (1): query2.finance.yahoo.com:443
[21532] urllib3.connectionpool - 2022-06-04 14:46:55,127 - DEBUG - https://query2.finance.yahoo.com:443 "GET /v8/finance/chart/ADA-USD?period1=1576558800&period2=1654405200&interval=1wk&includePrePost=False&events=div%2Csplits HTTP/1.1" 200 None
[21532] urllib3.connectionpool - 2022-06-04 14:46:55,221 - DEBUG - Starting new HTTPS connection (1): query2.finance.yahoo.com:443
[21532] urllib3.connectionpool - 2022-06-04 14:46:55,392 - DEBUG - https://query2.finance.yahoo.com:443 "GET /v8/finance/chart/SOL-USD?period1=1576558800&period2=1654405200&interval=1wk&includePrePost=False&events=div%2Csplits HTTP/1.1" 200 None
[21532] urllib3.connectionpool - 2022-06-04 14:46:55,464 - DEBUG - Starting new HTTPS connection (1): query2.finance.yahoo.com:443
[21532] urllib3.connectionpool - 2022-06-04 14:46:55,898 - DEBUG - https://query2.finance.yahoo.com:443 "GET /v8/finance/chart/BNB-USD?period1=1576558800&period2=1654405200&interval=1wk&includePrePost=False&events=div%2Csplits HTTP/1.1" 200 None
[21532] urllib3.connectionpool - 2022-06-04 14:46:55,944 - DEBUG - Starting new HTTPS connection (1): query2.finance.yahoo.com:443
[21532] urllib3.connectionpool - 2022-06-04 14:46:56,313 - DEBUG - https://query2.finance.yahoo.com:443 "GET /v8/finance/chart/DOGE-USD?period1=1576558800&period2=1654405200&interval=1wk&includePrePost=False&events=div%2Csplits HTTP/1.1" 200 None
[21532] urllib3.connectionpool - 2022-06-04 14:46:56,373 - DEBUG - Starting new HTTPS connection (1): query2.finance.yahoo.com:443
[21532] urllib3.connectionpool - 2022-06-04 14:46:56,801 - DEBUG - https://query2.finance.yahoo.com:443 "GET /v8/finance/chart/UNI1-USD?period1=1576558800&period2=1654405200&interval=1wk&includePrePost=False&events=div%2Csplits HTTP/1.1" 200 None
[21532] urllib3.connectionpool - 2022-06-04 14:47:00,528 - DEBUG - Starting new HTTPS connection (1): query2.finance.yahoo.com:443
[21532] urllib3.connectionpool - 2022-06-04 14:47:00,684 - DEBUG - https://query2.finance.yahoo.com:443 "GET /v8/finance/chart/TRX-USD?period1=1576558800&period2=1654405200&interval=1wk&includePrePost=False&events=div%2Csplits HTTP/1.1" 200 None
[21532] urllib3.connectionpool - 2022-06-04 14:47:00,730 - DEBUG - Starting new HTTPS connection (1): query2.finance.yahoo.com:443
[21532] urllib3.connectionpool - 2022-06-04 14:47:01,317 - DEBUG - https://query2.finance.yahoo.com:443 "GET /v8/finance/chart/ETH-USD?period1=1576558800&period2=1654405200&interval=1wk&includePrePost=False&events=div%2Csplits HTTP/1.1" 200 None
[21532] urllib3.connectionpool - 2022-06-04 14:47:01,355 - DEBUG - Starting new HTTPS connection (1): query2.finance.yahoo.com:443
[21532] urllib3.connectionpool - 2022-06-04 14:47:01,508 - DEBUG - https://query2.finance.yahoo.com:443 "GET /v8/finance/chart/DAI-USD?period1=1576558800&period2=1654405200&interval=1wk&includePrePost=False&events=div%2Csplits HTTP/1.1" 200 None
[21532] urllib3.connectionpool - 2022-06-04 14:47:01,545 - DEBUG - Starting new HTTPS connection (1): query2.finance.yahoo.com:443
[21532] urllib3.connectionpool - 2022-06-04 14:47:01,741 - DEBUG - https://query2.finance.yahoo.com:443 "GET /v8/finance/chart/HEX-USD?period1=1576558800&period2=1654405200&interval=1wk&includePrePost=False&events=div%2Csplits HTTP/1.1" 200 None
[21532] urllib3.connectionpool - 2022-06-04 14:47:01,812 - DEBUG - Starting new HTTPS connection (1): query2.finance.yahoo.com:443
[21532] urllib3.connectionpool - 2022-06-04 14:47:02,204 - DEBUG - https://query2.finance.yahoo.com:443 "GET /v8/finance/chart/STETH-USD?period1=1576558800&period2=1654405200&interval=1wk&includePrePost=False&events=div%2Csplits HTTP/1.1" 200 None
[21532] urllib3.connectionpool - 2022-06-04 14:47:02,275 - DEBUG - Starting new HTTPS connection (1): query2.finance.yahoo.com:443
[21532] urllib3.connectionpool - 2022-06-04 14:47:03,133 - DEBUG - https://query2.finance.yahoo.com:443 "GET /v8/finance/chart/SHIB-USD?period1=1576558800&period2=1654405200&interval=1wk&includePrePost=False&events=div%2Csplits HTTP/1.1" 200 None
[21532] urllib3.connectionpool - 2022-06-04 14:47:03,200 - DEBUG - Starting new HTTPS connection (1): query2.finance.yahoo.com:443
[21532] urllib3.connectionpool - 2022-06-04 14:47:03,356 - DEBUG - https://query2.finance.yahoo.com:443 "GET /v8/finance/chart/XRP-USD?period1=1576558800&period2=1654405200&interval=1wk&includePrePost=False&events=div%2Csplits HTTP/1.1" 200 None
[21532] urllib3.connectionpool - 2022-06-04 14:47:04,056 - DEBUG - Starting new HTTPS connection (1): query2.finance.yahoo.com:443
[21532] urllib3.connectionpool - 2022-06-04 14:47:04,202 - DEBUG - https://query2.finance.yahoo.com:443 "GET /v8/finance/chart/LTC-USD?period1=1576558800&period2=1654405200&interval=1wk&includePrePost=False&events=div%2Csplits HTTP/1.1" 200 None
[21532] urllib3.connectionpool - 2022-06-04 14:47:04,246 - DEBUG - Starting new HTTPS connection (1): query2.finance.yahoo.com:443
[21532] urllib3.connectionpool - 2022-06-04 14:47:04,409 - DEBUG - https://query2.finance.yahoo.com:443 "GET /v8/finance/chart/BCH-USD?period1=1576558800&period2=1654405200&interval=1wk&includePrePost=False&events=div%2Csplits HTTP/1.1" 200 None
[21532] urllib3.connectionpool - 2022-06-04 14:47:05,113 - DEBUG - Starting new HTTPS connection (1): query2.finance.yahoo.com:443
[21532] urllib3.connectionpool - 2022-06-04 14:47:05,726 - DEBUG - https://query2.finance.yahoo.com:443 "GET /v8/finance/chart/BUSD-USD?period1=1576558800&period2=1654405200&interval=1wk&includePrePost=False&events=div%2Csplits HTTP/1.1" 200 None
[21532] urllib3.connectionpool - 2022-06-04 14:47:05,770 - DEBUG - Starting new HTTPS connection (1): query2.finance.yahoo.com:443
[21532] urllib3.connectionpool - 2022-06-04 14:47:06,158 - DEBUG - https://query2.finance.yahoo.com:443 "GET /v8/finance/chart/DOT-USD?period1=1576558800&period2=1654405200&interval=1wk&includePrePost=False&events=div%2Csplits HTTP/1.1" 200 None
[21532] urllib3.connectionpool - 2022-06-04 14:47:06,291 - DEBUG - Starting new HTTPS connection (1): query2.finance.yahoo.com:443
[21532] urllib3.connectionpool - 2022-06-04 14:47:06,454 - DEBUG - https://query2.finance.yahoo.com:443 "GET /v8/finance/chart/WBTC-USD?period1=1576558800&period2=1654405200&interval=1wk&includePrePost=False&events=div%2Csplits HTTP/1.1" 200 None
[21532] urllib3.connectionpool - 2022-06-04 14:47:07,196 - DEBUG - Starting new HTTPS connection (1): query2.finance.yahoo.com:443
[21532] urllib3.connectionpool - 2022-06-04 14:47:07,357 - DEBUG - https://query2.finance.yahoo.com:443 "GET /v8/finance/chart/BTC-USD?period1=1576558800&period2=1654405200&interval=1wk&includePrePost=False&events=div%2Csplits HTTP/1.1" 200 None
